<?xml version="1.0" encoding="UTF-8"?>
<!-- Generated by org.testng.reporters.JUnitReportReporter -->
<testsuite hostname="LAPTOP-0D7RRA48" failures="0" tests="4" name="testlayer.LoginPage" time="11.831" errors="0" timestamp="2022-04-01T21:52:42 EDT" skipped="0">
  <testcase classname="testlayer.LoginPage" name="VerifyTitle" time="1.858"/>
  <system-out/>
  <testcase classname="testlayer.LoginPage" name="Login" time="2.965"/>
  <system-out/>
  <testcase classname="testlayer.LoginPage" name="Login" time="4.360"/>
  <system-out/>
  <testcase classname="testlayer.LoginPage" name="Login" time="2.648"/>
  <system-out/>
</testsuite> <!-- testlayer.LoginPage -->
